#
# A fatal error has been detected by the Java Runtime Environment:
#
#  EXCEPTION_ACCESS_VIOLATION (0xc0000005) at pc=0x00007ffb0f7ff760, pid=7560, tid=0x00000000000020ec
#
# JRE version: Java(TM) SE Runtime Environment (8.0_231-b11) (build 1.8.0_231-b11)
# Java VM: Java HotSpot(TM) 64-Bit Server VM (25.231-b11 mixed mode windows-amd64 compressed oops)
# Problematic frame:
# C  [jfxwebkit.dll+0xb6f760]
#
# Failed to write core dump. Minidumps are not enabled by default on client versions of Windows
#
# If you would like to submit a bug report, please visit:
#   http://bugreport.java.com/bugreport/crash.jsp
# The crash happened outside the Java Virtual Machine in native code.
# See problematic frame for where to report the bug.
#

---------------  T H R E A D  ---------------

Current thread (0x0000000017e6e000):  JavaThread "JavaFX Application Thread" [_thread_in_native, id=8428, stack(0x0000000019590000,0x0000000019690000)]

siginfo: ExceptionCode=0xc0000005, writing address 0x0000000000000000

Registers:
RAX=0x0000000000000000, RBX=0x0000000000000000, RCX=0x0000000000000000, RDX=0x0000000000000000
RSP=0x000000001968b710, RBP=0x0000000000000000, RSI=0x000000004394f010, RDI=0x0000000000000221
R8 =0x0000000000000001, R9 =0x000000004394f010, R10=0x0000000000000000, R11=0x00000000000001a2
R12=0x0000000000000000, R13=0x0000000000000688, R14=0x0000000000000688, R15=0x0000000000000688
RIP=0x00007ffb0f7ff760, EFLAGS=0x0000000000010297

Top of Stack: (sp=0x000000001968b710)
0x000000001968b710:   00000000000de788 00000000000001a2
0x000000001968b720:   000000004394f010 000000001968b730
0x000000001968b730:   00000221000001a2 0000000039ebbb70
0x000000001968b740:   0000000000000000 00000221000001a2
0x000000001968b750:   00006d0b1c016cdc 00006d0b1c016cdc
0x000000001968b760:   000000001968d840 000000002734e810
0x000000001968b770:   0000000000000000 000000002fe8c780
0x000000001968b780:   0000000000000000 000000001968b889
0x000000001968b790:   000000003a1b87d0 00007ffb0f635392
0x000000001968b7a0:   0000000000000000 000000002fe8c780
0x000000001968b7b0:   0000000000000001 00007ffb52fdd92b
0x000000001968b7c0:   000000001968b7f8 000000001968b7e0
0x000000001968b7d0:   0000000000000000 00007ffb1004602c
0x000000001968b7e0:   0000000000000000 00000221000001a2
0x000000001968b7f0:   4408400043d10000 0000000000000000
0x000000001968b800:   00000221000001a2 00006d0b1c016c6c 

Instructions: (pc=0x00007ffb0f7ff760)
0x00007ffb0f7ff740:   41 88 10 43 0f b6 4c 01 ff 41 0f af ca 81 c1 fe
0x00007ffb0f7ff750:   00 00 00 f7 e1 c1 ea 07 eb 18 43 0f b6 44 01 01
0x00007ffb0f7ff760:   41 88 40 ff 43 0f b6 04 01 41 88 00 43 0f b6 54
0x00007ffb0f7ff770:   01 ff 41 88 50 01 45 88 50 02 49 83 c0 04 49 83 


Register to memory mapping:

RAX=0x0000000000000000 is an unknown value
RBX=0x0000000000000000 is an unknown value
RCX=0x0000000000000000 is an unknown value
RDX=0x0000000000000000 is an unknown value
RSP=0x000000001968b710 is pointing into the stack for thread: 0x0000000017e6e000
RBP=0x0000000000000000 is an unknown value
RSI=0x000000004394f010 is an unknown value
RDI=0x0000000000000221 is an unknown value
R8 =0x0000000000000001 is an unknown value
R9 =0x000000004394f010 is an unknown value
R10=0x0000000000000000 is an unknown value
R11=0x00000000000001a2 is an unknown value
R12=0x0000000000000000 is an unknown value
R13=0x0000000000000688 is an unknown value
R14=0x0000000000000688 is an unknown value
R15=0x0000000000000688 is an unknown value


Stack: [0x0000000019590000,0x0000000019690000],  sp=0x000000001968b710,  free space=1005k
Native frames: (J=compiled Java code, j=interpreted, Vv=VM code, C=native code)

Java frames: (J=compiled Java code, j=interpreted, Vv=VM code)
J 6798  com.sun.webkit.WebPage.twkUpdateContent(JLcom/sun/webkit/graphics/WCRenderQueue;IIII)V (0 bytes) @ 0x0000000002ccb86a [0x0000000002ccb800+0x6a]
J 6927 C1 com.sun.webkit.WebPage.updateDirty(Lcom/sun/webkit/graphics/WCRectangle;)V (612 bytes) @ 0x00000000037da8e4 [0x00000000037d8de0+0x1b04]
J 6926 C1 com.sun.webkit.WebPage.updateContent(Lcom/sun/webkit/graphics/WCRectangle;)V (66 bytes) @ 0x00000000037d70cc [0x00000000037d6880+0x84c]
J 5811 C1 com.sun.javafx.sg.prism.web.NGWebView.update()V (72 bytes) @ 0x0000000003509494 [0x0000000003508ba0+0x8f4]
J 5901 C1 javafx.scene.web.WebView.handleStagePulse()V (75 bytes) @ 0x0000000003573f44 [0x0000000003573540+0xa04]
J 5899 C1 javafx.scene.web.WebView$$Lambda$110.pulse()V (8 bytes) @ 0x000000000356ad8c [0x000000000356acc0+0xcc]
J 7313 C2 com.sun.javafx.tk.Toolkit$$Lambda$161.run()Ljava/lang/Object; (8 bytes) @ 0x000000000386bc84 [0x000000000386bc40+0x44]
v  ~StubRoutines::call_stub
J 897  java.security.AccessController.doPrivileged(Ljava/security/PrivilegedAction;Ljava/security/AccessControlContext;)Ljava/lang/Object; (0 bytes) @ 0x0000000002811926 [0x00000000028118c0+0x66]
J 7481 C2 com.sun.javafx.tk.Toolkit.firePulse()V (279 bytes) @ 0x000000000375a168 [0x0000000003759640+0xb28]
J 5578 C1 com.sun.javafx.tk.quantum.QuantumToolkit.pulse(Z)V (152 bytes) @ 0x00000000034544bc [0x0000000003452f60+0x155c]
J 6479 C2 com.sun.glass.ui.InvokeLaterDispatcher$Future.run()V (91 bytes) @ 0x0000000002c09954 [0x0000000002c09620+0x334]
v  ~StubRoutines::call_stub
j  com.sun.glass.ui.win.WinApplication._runLoop(Ljava/lang/Runnable;)V+0
j  com.sun.glass.ui.win.WinApplication.lambda$null$4(ILjava/lang/Runnable;)V+8
j  com.sun.glass.ui.win.WinApplication$$Lambda$53.run()V+12
j  java.lang.Thread.run()V+11
v  ~StubRoutines::call_stub

---------------  P R O C E S S  ---------------

Java Threads: ( => current thread )
  0x0000000024d26000 JavaThread "Thread-0" daemon [_thread_in_native, id=5800, stack(0x000000005c1f0000,0x000000005c2f0000)]
  0x0000000024d25800 JavaThread "URL-Loader-47" daemon [_thread_blocked, id=964, stack(0x000000005baf0000,0x000000005bbf0000)]
  0x0000000024d2c000 JavaThread "Keep-Alive-Timer" daemon [_thread_blocked, id=9188, stack(0x000000005b9f0000,0x000000005baf0000)]
  0x00000000258b7000 JavaThread "URL-Loader-46" daemon [_thread_blocked, id=4716, stack(0x000000005b7f0000,0x000000005b8f0000)]
  0x0000000025867800 JavaThread "URL-Loader-45" daemon [_thread_blocked, id=5396, stack(0x000000005b3f0000,0x000000005b4f0000)]
  0x00000000291be800 JavaThread "Media Resource Disposer" daemon [_thread_blocked, id=932, stack(0x0000000041760000,0x0000000041860000)]
  0x0000000028cf5800 JavaThread "JFXMedia Player EventQueueThread" daemon [_thread_blocked, id=4692, stack(0x000000003fd90000,0x000000003fe90000)]
  0x000000002907f000 JavaThread "JFXMedia Player EventQueueThread" daemon [_thread_blocked, id=6496, stack(0x000000003e470000,0x000000003e570000)]
  0x0000000024d2e800 JavaThread "Thread-6" daemon [_thread_in_native, id=976, stack(0x0000000029ae0000,0x0000000029be0000)]
  0x0000000017fb8800 JavaThread "Disposer" daemon [_thread_blocked, id=9040, stack(0x0000000022da0000,0x0000000022ea0000)]
  0x0000000017fa9000 JavaThread "Prism Font Disposer" daemon [_thread_blocked, id=6512, stack(0x0000000021ca0000,0x0000000021da0000)]
  0x00000000023c1800 JavaThread "DestroyJavaVM" [_thread_blocked, id=3188, stack(0x00000000022c0000,0x00000000023c0000)]
  0x0000000017e8d000 JavaThread "Thread-4" daemon [_thread_in_native, id=9548, stack(0x00000000202a0000,0x00000000203a0000)]
  0x0000000017e8a800 JavaThread "AWT-EventQueue-0" [_thread_blocked, id=7900, stack(0x00000000205a0000,0x00000000206a0000)]
=>0x0000000017e6e000 JavaThread "JavaFX Application Thread" [_thread_in_native, id=8428, stack(0x0000000019590000,0x0000000019690000)]
  0x0000000017e49000 JavaThread "Thread-2" daemon [_thread_blocked, id=4620, stack(0x0000000019490000,0x0000000019590000)]
  0x0000000017d7e000 JavaThread "AWT-Shutdown" [_thread_blocked, id=3564, stack(0x0000000018610000,0x0000000018710000)]
  0x0000000017d7d000 JavaThread "Java2D Disposer" daemon [_thread_blocked, id=2156, stack(0x0000000018510000,0x0000000018610000)]
  0x0000000016d68800 JavaThread "Service Thread" daemon [_thread_blocked, id=8336, stack(0x0000000017990000,0x0000000017a90000)]
  0x0000000016cdc000 JavaThread "C1 CompilerThread3" daemon [_thread_blocked, id=7992, stack(0x0000000017890000,0x0000000017990000)]
  0x0000000014edd800 JavaThread "C2 CompilerThread2" daemon [_thread_blocked, id=8088, stack(0x0000000017790000,0x0000000017890000)]
  0x0000000014edc800 JavaThread "C2 CompilerThread1" daemon [_thread_blocked, id=7676, stack(0x0000000017690000,0x0000000017790000)]
  0x0000000016cd6000 JavaThread "C2 CompilerThread0" daemon [_thread_blocked, id=7016, stack(0x0000000017590000,0x0000000017690000)]
  0x0000000016cd3800 JavaThread "Attach Listener" daemon [_thread_blocked, id=3460, stack(0x0000000017490000,0x0000000017590000)]
  0x0000000016cd2800 JavaThread "Signal Dispatcher" daemon [_thread_blocked, id=2824, stack(0x0000000017390000,0x0000000017490000)]
  0x00000000024be800 JavaThread "Finalizer" daemon [_thread_blocked, id=9948, stack(0x00000000171a0000,0x00000000172a0000)]
  0x00000000024b7800 JavaThread "Reference Handler" daemon [_thread_blocked, id=5840, stack(0x00000000170a0000,0x00000000171a0000)]

Other Threads:
  0x0000000014ec9800 VMThread [stack: 0x0000000016ba0000,0x0000000016ca0000] [id=5576]
  0x0000000016d6a800 WatcherThread [stack: 0x0000000017a90000,0x0000000017b90000] [id=7492]

VM state:not at safepoint (normal execution)

VM Mutex/Monitor currently owned by a thread: None

heap address: 0x00000000c2000000, size: 992 MB, Compressed Oops mode: 32-bit
Narrow klass base: 0x0000000000000000, Narrow klass shift: 3
Compressed class space size: 1073741824 Address: 0x0000000100000000

Heap:
 PSYoungGen      total 256000K, used 107998K [0x00000000eb580000, 0x00000000fe280000, 0x0000000100000000)
  eden space 249344K, 40% used [0x00000000eb580000,0x00000000f18b7740,0x00000000fa900000)
  from space 6656K, 96% used [0x00000000fb380000,0x00000000fb9c03c0,0x00000000fba00000)
  to   space 27136K, 0% used [0x00000000fc800000,0x00000000fc800000,0x00000000fe280000)
 ParOldGen       total 150528K, used 67190K [0x00000000c2000000, 0x00000000cb300000, 0x00000000eb580000)
  object space 150528K, 44% used [0x00000000c2000000,0x00000000c619d920,0x00000000cb300000)
 Metaspace       used 29144K, capacity 30112K, committed 30336K, reserved 1075200K
  class space    used 3433K, capacity 3671K, committed 3712K, reserved 1048576K

Card table byte_map: [0x0000000011880000,0x0000000011a80000] byte_map_base: 0x0000000011270000

Marking Bits: (ParMarkBitMap*) 0x000000005a266d90
 Begin Bits: [0x00000000123d0000, 0x0000000013350000)
 End Bits:   [0x0000000013350000, 0x00000000142d0000)

Polling page: 0x0000000000c10000

CodeCache: size=245760Kb used=20394Kb max_used=21093Kb free=225365Kb
 bounds [0x00000000024c0000, 0x0000000003980000, 0x00000000114c0000]
 total_blobs=7225 nmethods=6322 adapters=813
 compilation: enabled

Compilation events (10 events):
Event: 119.290 Thread 0x0000000016cdc000 7626       3       java.util.logging.LogManager$LoggerContext::getGlobalLogger (6 bytes)
Event: 119.290 Thread 0x0000000016cdc000 nmethod 7626 0x0000000002d939d0 code [0x0000000002d93b20, 0x0000000002d93c70]
Event: 119.290 Thread 0x0000000016cdc000 7627       3       java.util.WeakHashMap$KeyIterator::next (8 bytes)
Event: 119.290 Thread 0x0000000016cdc000 nmethod 7627 0x00000000029d0fd0 code [0x00000000029d1160, 0x00000000029d1508]
Event: 119.290 Thread 0x0000000016cdc000 7628       3       com.sun.javafx.webkit.prism.RTImage::factoryReleased (1 bytes)
Event: 119.290 Thread 0x0000000016cdc000 nmethod 7628 0x000000000315f850 code [0x000000000315f9a0, 0x000000000315faf0]
Event: 119.290 Thread 0x0000000016cdc000 7629       3       java.util.HashMap$Values::iterator (12 bytes)
Event: 119.291 Thread 0x0000000016cdc000 nmethod 7629 0x0000000003079710 code [0x0000000003079880, 0x0000000003079ae8]
Event: 119.306 Thread 0x0000000016cdc000 7630       3       java.io.OutputStreamWriter::flushBuffer (8 bytes)
Event: 119.306 Thread 0x0000000016cdc000 nmethod 7630 0x00000000031aa510 code [0x00000000031aa680, 0x00000000031aa808]

GC Heap History (10 events):
Event: 52.176 GC heap before
{Heap before GC invocations=35 (full 4):
 PSYoungGen      total 297472K, used 272278K [0x00000000eb580000, 0x00000000ffb80000, 0x0000000100000000)
  eden space 265216K, 100% used [0x00000000eb580000,0x00000000fb880000,0x00000000fb880000)
  from space 32256K, 21% used [0x00000000fdc00000,0x00000000fe2e5878,0x00000000ffb80000)
  to   space 34304K, 0% used [0x00000000fb880000,0x00000000fb880000,0x00000000fda00000)
 ParOldGen       total 150528K, used 67174K [0x00000000c2000000, 0x00000000cb300000, 0x00000000eb580000)
  object space 150528K, 44% used [0x00000000c2000000,0x00000000c6199920,0x00000000cb300000)
 Metaspace       used 29086K, capacity 30024K, committed 30080K, reserved 1075200K
  class space    used 3429K, capacity 3667K, committed 3712K, reserved 1048576K
Event: 52.179 GC heap after
Heap after GC invocations=35 (full 4):
 PSYoungGen      total 299520K, used 6562K [0x00000000eb580000, 0x00000000fff00000, 0x0000000100000000)
  eden space 265216K, 0% used [0x00000000eb580000,0x00000000eb580000,0x00000000fb880000)
  from space 34304K, 19% used [0x00000000fb880000,0x00000000fbee8840,0x00000000fda00000)
  to   space 32768K, 0% used [0x00000000fdf00000,0x00000000fdf00000,0x00000000fff00000)
 ParOldGen       total 150528K, used 67182K [0x00000000c2000000, 0x00000000cb300000, 0x00000000eb580000)
  object space 150528K, 44% used [0x00000000c2000000,0x00000000c619b920,0x00000000cb300000)
 Metaspace       used 29086K, capacity 30024K, committed 30080K, reserved 1075200K
  class space    used 3429K, capacity 3667K, committed 3712K, reserved 1048576K
}
Event: 67.688 GC heap before
{Heap before GC invocations=36 (full 4):
 PSYoungGen      total 299520K, used 271778K [0x00000000eb580000, 0x00000000fff00000, 0x0000000100000000)
  eden space 265216K, 100% used [0x00000000eb580000,0x00000000fb880000,0x00000000fb880000)
  from space 34304K, 19% used [0x00000000fb880000,0x00000000fbee8840,0x00000000fda00000)
  to   space 32768K, 0% used [0x00000000fdf00000,0x00000000fdf00000,0x00000000fff00000)
 ParOldGen       total 150528K, used 67182K [0x00000000c2000000, 0x00000000cb300000, 0x00000000eb580000)
  object space 150528K, 44% used [0x00000000c2000000,0x00000000c619b920,0x00000000cb300000)
 Metaspace       used 29086K, capacity 30024K, committed 30080K, reserved 1075200K
  class space    used 3429K, capacity 3667K, committed 3712K, reserved 1048576K
Event: 67.692 GC heap after
Heap after GC invocations=36 (full 4):
 PSYoungGen      total 300544K, used 6497K [0x00000000eb580000, 0x00000000ffb80000, 0x0000000100000000)
  eden space 271360K, 0% used [0x00000000eb580000,0x00000000eb580000,0x00000000fbe80000)
  from space 29184K, 22% used [0x00000000fdf00000,0x00000000fe5587c0,0x00000000ffb80000)
  to   space 31232K, 0% used [0x00000000fbe80000,0x00000000fbe80000,0x00000000fdd00000)
 ParOldGen       total 150528K, used 67190K [0x00000000c2000000, 0x00000000cb300000, 0x00000000eb580000)
  object space 150528K, 44% used [0x00000000c2000000,0x00000000c619d920,0x00000000cb300000)
 Metaspace       used 29086K, capacity 30024K, committed 30080K, reserved 1075200K
  class space    used 3429K, capacity 3667K, committed 3712K, reserved 1048576K
}
Event: 82.214 GC heap before
{Heap before GC invocations=37 (full 4):
 PSYoungGen      total 300544K, used 277857K [0x00000000eb580000, 0x00000000ffb80000, 0x0000000100000000)
  eden space 271360K, 100% used [0x00000000eb580000,0x00000000fbe80000,0x00000000fbe80000)
  from space 29184K, 22% used [0x00000000fdf00000,0x00000000fe5587c0,0x00000000ffb80000)
  to   space 31232K, 0% used [0x00000000fbe80000,0x00000000fbe80000,0x00000000fdd00000)
 ParOldGen       total 150528K, used 67190K [0x00000000c2000000, 0x00000000cb300000, 0x00000000eb580000)
  object space 150528K, 44% used [0x00000000c2000000,0x00000000c619d920,0x00000000cb300000)
 Metaspace       used 29088K, capacity 30024K, committed 30080K, reserved 1075200K
  class space    used 3429K, capacity 3667K, committed 3712K, reserved 1048576K
Event: 82.218 GC heap after
Heap after GC invocations=37 (full 4):
 PSYoungGen      total 302592K, used 6422K [0x00000000eb580000, 0x00000000fff00000, 0x0000000100000000)
  eden space 271360K, 0% used [0x00000000eb580000,0x00000000eb580000,0x00000000fbe80000)
  from space 31232K, 20% used [0x00000000fbe80000,0x00000000fc4c5bf0,0x00000000fdd00000)
  to   space 29696K, 0% used [0x00000000fe200000,0x00000000fe200000,0x00000000fff00000)
 ParOldGen       total 150528K, used 67190K [0x00000000c2000000, 0x00000000cb300000, 0x00000000eb580000)
  object space 150528K, 44% used [0x00000000c2000000,0x00000000c619d920,0x00000000cb300000)
 Metaspace       used 29088K, capacity 30024K, committed 30080K, reserved 1075200K
  class space    used 3429K, capacity 3667K, committed 3712K, reserved 1048576K
}
Event: 95.497 GC heap before
{Heap before GC invocations=38 (full 4):
 PSYoungGen      total 302592K, used 277782K [0x00000000eb580000, 0x00000000fff00000, 0x0000000100000000)
  eden space 271360K, 100% used [0x00000000eb580000,0x00000000fbe80000,0x00000000fbe80000)
  from space 31232K, 20% used [0x00000000fbe80000,0x00000000fc4c5bf0,0x00000000fdd00000)
  to   space 29696K, 0% used [0x00000000fe200000,0x00000000fe200000,0x00000000fff00000)
 ParOldGen       total 150528K, used 67190K [0x00000000c2000000, 0x00000000cb300000, 0x00000000eb580000)
  object space 150528K, 44% used [0x00000000c2000000,0x00000000c619d920,0x00000000cb300000)
 Metaspace       used 29090K, capacity 30024K, committed 30080K, reserved 1075200K
  class space    used 3429K, capacity 3667K, committed 3712K, reserved 1048576K
Event: 95.501 GC heap after
Heap after GC invocations=38 (full 4):
 PSYoungGen      total 269824K, used 6420K [0x00000000eb580000, 0x00000000feb80000, 0x0000000100000000)
  eden space 260096K, 0% used [0x00000000eb580000,0x00000000eb580000,0x00000000fb380000)
  from space 9728K, 66% used [0x00000000fe200000,0x00000000fe8452d0,0x00000000feb80000)
  to   space 28672K, 0% used [0x00000000fb380000,0x00000000fb380000,0x00000000fcf80000)
 ParOldGen       total 150528K, used 67190K [0x00000000c2000000, 0x00000000cb300000, 0x00000000eb580000)
  object space 150528K, 44% used [0x00000000c2000000,0x00000000c619d920,0x00000000cb300000)
 Metaspace       used 29090K, capacity 30024K, committed 30080K, reserved 1075200K
  class space    used 3429K, capacity 3667K, committed 3712K, reserved 1048576K
}
Event: 108.777 GC heap before
{Heap before GC invocations=39 (full 4):
 PSYoungGen      total 269824K, used 266516K [0x00000000eb580000, 0x00000000feb80000, 0x0000000100000000)
  eden space 260096K, 100% used [0x00000000eb580000,0x00000000fb380000,0x00000000fb380000)
  from space 9728K, 66% used [0x00000000fe200000,0x00000000fe8452d0,0x00000000feb80000)
  to   space 28672K, 0% used [0x00000000fb380000,0x00000000fb380000,0x00000000fcf80000)
 ParOldGen       total 150528K, used 67190K [0x00000000c2000000, 0x00000000cb300000, 0x00000000eb580000)
  object space 150528K, 44% used [0x00000000c2000000,0x00000000c619d920,0x00000000cb300000)
 Metaspace       used 29090K, capacity 30024K, committed 30080K, reserved 1075200K
  class space    used 3429K, capacity 3667K, committed 3712K, reserved 1048576K
Event: 108.782 GC heap after
Heap after GC invocations=39 (full 4):
 PSYoungGen      total 256000K, used 6400K [0x00000000eb580000, 0x00000000fe280000, 0x0000000100000000)
  eden space 249344K, 0% used [0x00000000eb580000,0x00000000eb580000,0x00000000fa900000)
  from space 6656K, 96% used [0x00000000fb380000,0x00000000fb9c03c0,0x00000000fba00000)
  to   space 27136K, 0% used [0x00000000fc800000,0x00000000fc800000,0x00000000fe280000)
 ParOldGen       total 150528K, used 67190K [0x00000000c2000000, 0x00000000cb300000, 0x00000000eb580000)
  object space 150528K, 44% used [0x00000000c2000000,0x00000000c619d920,0x00000000cb300000)
 Metaspace       used 29090K, capacity 30024K, committed 30080K, reserved 1075200K
  class space    used 3429K, capacity 3667K, committed 3712K, reserved 1048576K
}

Deoptimization events (10 events):
Event: 119.285 Thread 0x0000000017d84800 Uncommon trap: reason=unstable_if action=reinterpret pc=0x00000000031429d0 method=sun.awt.windows.WWindowPeer.preprocessPostEvent(Ljava/awt/AWTEvent;)V @ 4
Event: 119.288 Thread 0x0000000017e8a800 Uncommon trap: reason=unstable_if action=reinterpret pc=0x0000000002c22c18 method=java.util.IdentityHashMap.keySet()Ljava/util/Set; @ 6
Event: 119.289 Thread 0x0000000017e33800 Uncommon trap: reason=unstable_if action=reinterpret pc=0x00000000038c8a14 method=java.util.concurrent.locks.AbstractQueuedSynchronizer$ConditionObject.checkInterruptWhileWaiting(Ljava/util/concurrent/locks/AbstractQueuedSynchronizer$Node;)I @ 3
Event: 119.289 Thread 0x0000000017e33800 Uncommon trap: reason=unstable_if action=reinterpret pc=0x00000000039670c4 method=java.util.concurrent.ThreadPoolExecutor.getTask()Ljava/lang/Runnable; @ 16
Event: 119.290 Thread 0x0000000017e33800 Uncommon trap: reason=unstable_if action=reinterpret pc=0x0000000002f4b110 method=com.sun.prism.impl.ManagedResource.dispose()V @ 18
Event: 119.305 Thread 0x0000000017e6e000 Uncommon trap: reason=unstable_if action=reinterpret pc=0x000000000395e054 method=java.util.concurrent.ThreadPoolExecutor.isRunning(I)Z @ 1
Event: 119.305 Thread 0x0000000017e6e000 Uncommon trap: reason=unstable_if action=reinterpret pc=0x0000000002b90ff8 method=java.util.HashMap$HashIterator.<init>(Ljava/util/HashMap;)V @ 45
Event: 119.305 Thread 0x0000000017e6e000 Uncommon trap: reason=unstable_if action=reinterpret pc=0x00000000035570b0 method=java.util.concurrent.ThreadPoolExecutor.runStateAtLeast(II)Z @ 2
Event: 119.305 Thread 0x0000000017e6e000 Uncommon trap: reason=unstable_if action=reinterpret pc=0x0000000002cdad10 method=java.util.IdentityHashMap.isEmpty()Z @ 4
Event: 119.305 Thread 0x0000000017e6e000 Uncommon trap: reason=unstable_if action=reinterpret pc=0x000000000371487c method=java.io.BufferedOutputStream.write([BII)V @ 6

Classes redefined (0 events):
No events

Internal exceptions (10 events):
Event: 19.066 Thread 0x0000000017e6e000 Exception <a 'java/lang/ClassNotFoundException': sun/net/www/protocol/about/Handler> (0x00000000ec6b1608) thrown at [C:\re\workspace\8-2-build-windows-amd64-cygwin\jdk8u231\13620\hotspot\src\share\vm\classfile\systemDictionary.cpp, line 210]
Event: 19.067 Thread 0x0000000017e6e000 Exception <a 'java/lang/ClassNotFoundException': sun/net/www/protocol/about/Handler> (0x00000000ec6b3b98) thrown at [C:\re\workspace\8-2-build-windows-amd64-cygwin\jdk8u231\13620\hotspot\src\share\vm\classfile\systemDictionary.cpp, line 210]
Event: 19.068 Thread 0x0000000017e6e000 Exception <a 'java/lang/ClassNotFoundException': sun/net/www/protocol/about/Handler> (0x00000000ec6b6128) thrown at [C:\re\workspace\8-2-build-windows-amd64-cygwin\jdk8u231\13620\hotspot\src\share\vm\classfile\systemDictionary.cpp, line 210]
Event: 19.069 Thread 0x0000000017e6e000 Exception <a 'java/lang/ClassNotFoundException': sun/net/www/protocol/about/Handler> (0x00000000ec6ba350) thrown at [C:\re\workspace\8-2-build-windows-amd64-cygwin\jdk8u231\13620\hotspot\src\share\vm\classfile\systemDictionary.cpp, line 210]
Event: 19.924 Thread 0x0000000017e6e000 Exception <a 'java/lang/ClassNotFoundException': sun/net/www/protocol/about/Handler> (0x00000000f8472158) thrown at [C:\re\workspace\8-2-build-windows-amd64-cygwin\jdk8u231\13620\hotspot\src\share\vm\classfile\systemDictionary.cpp, line 210]
Event: 21.283 Thread 0x0000000017e33800 Implicit null exception at 0x0000000003776156 to 0x0000000003777e3d
Event: 21.709 Thread 0x0000000017e33800 Implicit null exception at 0x00000000037618e0 to 0x0000000003763581
Event: 117.950 Thread 0x0000000017e8a800 Implicit null exception at 0x0000000003933b6d to 0x0000000003934469
Event: 119.290 Thread 0x0000000028f4c800 Exception <a 'java/lang/IllegalStateException'> (0x00000000f16ea240) thrown at [C:\re\workspace\8-2-build-windows-amd64-cygwin\jdk8u231\13620\hotspot\src\share\vm\prims\jvm.cpp, line 1506]
Event: 119.290 Thread 0x0000000017e33800 Implicit null exception at 0x0000000002f4ad83 to 0x0000000002f4b0fd

Events (10 events):
Event: 119.305 loading class java/lang/Throwable$WrappedPrintStream
Event: 119.305 loading class java/lang/Throwable$PrintStreamOrWriter
Event: 119.305 loading class java/lang/Throwable$PrintStreamOrWriter done
Event: 119.305 loading class java/lang/Throwable$WrappedPrintStream done
Event: 119.305 Thread 0x0000000017e6e000 Uncommon trap: trap_request=0xffffff65 fr.pc=0x0000000002cdad10
Event: 119.305 Thread 0x0000000017e6e000 DEOPT PACKING pc=0x0000000002cdad10 sp=0x000000001968af70
Event: 119.305 Thread 0x0000000017e6e000 DEOPT UNPACKING pc=0x000000000250583b sp=0x000000001968af08 mode 2
Event: 119.305 Thread 0x0000000017e6e000 Uncommon trap: trap_request=0xffffff65 fr.pc=0x000000000371487c
Event: 119.305 Thread 0x0000000017e6e000 DEOPT PACKING pc=0x000000000371487c sp=0x000000001968ae20
Event: 119.305 Thread 0x0000000017e6e000 DEOPT UNPACKING pc=0x000000000250583b sp=0x000000001968aba8 mode 2


Dynamic libraries:
0x00007ff6d9430000 - 0x00007ff6d9467000 	C:\Program Files\Java\jdk1.8.0_231\bin\java.exe
0x00007ffb56480000 - 0x00007ffb56661000 	C:\Windows\SYSTEM32\ntdll.dll
0x00007ffb54360000 - 0x00007ffb54412000 	C:\Windows\System32\KERNEL32.DLL
0x00007ffb52850000 - 0x00007ffb52ac3000 	C:\Windows\System32\KERNELBASE.dll
0x00007ffb55d40000 - 0x00007ffb55de1000 	C:\Windows\System32\ADVAPI32.dll
0x00007ffb56260000 - 0x00007ffb562fe000 	C:\Windows\System32\msvcrt.dll
0x00007ffb53910000 - 0x00007ffb5396b000 	C:\Windows\System32\sechost.dll
0x00007ffb56300000 - 0x00007ffb56424000 	C:\Windows\System32\RPCRT4.dll
0x00007ffb560d0000 - 0x00007ffb56260000 	C:\Windows\System32\USER32.dll
0x00007ffb52ad0000 - 0x00007ffb52af0000 	C:\Windows\System32\win32u.dll
0x00007ffb54420000 - 0x00007ffb54448000 	C:\Windows\System32\GDI32.dll
0x00007ffb52d80000 - 0x00007ffb52f12000 	C:\Windows\System32\gdi32full.dll
0x00007ffb52ce0000 - 0x00007ffb52d7f000 	C:\Windows\System32\msvcp_win.dll
0x00007ffb52fd0000 - 0x00007ffb530ca000 	C:\Windows\System32\ucrtbase.dll
0x00007ffb48f30000 - 0x00007ffb49199000 	C:\Windows\WinSxS\amd64_microsoft.windows.common-controls_6595b64144ccf1df_6.0.17134.523_none_fb409dd930672a56\COMCTL32.dll
0x00007ffb539d0000 - 0x00007ffb53cf2000 	C:\Windows\System32\combase.dll
0x00007ffb530d0000 - 0x00007ffb5314a000 	C:\Windows\System32\bcryptPrimitives.dll
0x00007ffb53d00000 - 0x00007ffb53d2d000 	C:\Windows\System32\IMM32.DLL
0x0000000059430000 - 0x0000000059502000 	C:\Program Files\Java\jdk1.8.0_231\jre\bin\msvcr100.dll
0x0000000059a40000 - 0x000000005a2e6000 	C:\Program Files\Java\jdk1.8.0_231\jre\bin\server\jvm.dll
0x00007ffb54450000 - 0x00007ffb54458000 	C:\Windows\System32\PSAPI.DLL
0x00007ffb4d720000 - 0x00007ffb4d729000 	C:\Windows\SYSTEM32\WSOCK32.dll
0x00007ffb4c690000 - 0x00007ffb4c69a000 	C:\Windows\SYSTEM32\VERSION.dll
0x00007ffb50910000 - 0x00007ffb50933000 	C:\Windows\SYSTEM32\WINMM.dll
0x00007ffb55cd0000 - 0x00007ffb55d3c000 	C:\Windows\System32\WS2_32.dll
0x00007ffb508c0000 - 0x00007ffb508ea000 	C:\Windows\SYSTEM32\WINMMBASE.dll
0x00007ffb531b0000 - 0x00007ffb531f9000 	C:\Windows\System32\cfgmgr32.dll
0x00007ffb4d710000 - 0x00007ffb4d71f000 	C:\Program Files\Java\jdk1.8.0_231\jre\bin\verify.dll
0x00007ffb497b0000 - 0x00007ffb497d9000 	C:\Program Files\Java\jdk1.8.0_231\jre\bin\java.dll
0x00007ffb49790000 - 0x00007ffb497a6000 	C:\Program Files\Java\jdk1.8.0_231\jre\bin\zip.dll
0x00007ffb54780000 - 0x00007ffb55bc0000 	C:\Windows\System32\SHELL32.dll
0x00007ffb55f50000 - 0x00007ffb55ff9000 	C:\Windows\System32\shcore.dll
0x00007ffb53200000 - 0x00007ffb5390d000 	C:\Windows\System32\windows.storage.dll
0x00007ffb53970000 - 0x00007ffb539c1000 	C:\Windows\System32\shlwapi.dll
0x00007ffb52820000 - 0x00007ffb52831000 	C:\Windows\System32\kernel.appcore.dll
0x00007ffb52790000 - 0x00007ffb527af000 	C:\Windows\System32\profapi.dll
0x00007ffb527d0000 - 0x00007ffb5281c000 	C:\Windows\System32\powrprof.dll
0x00007ffb52840000 - 0x00007ffb5284a000 	C:\Windows\System32\FLTLIB.DLL
0x00007ffb35f30000 - 0x00007ffb360ca000 	C:\Program Files\Java\jdk1.8.0_231\jre\bin\awt.dll
0x00007ffb56000000 - 0x00007ffb560c2000 	C:\Windows\System32\OLEAUT32.dll
0x00007ffb50b70000 - 0x00007ffb50bfb000 	C:\Windows\SYSTEM32\apphelp.dll
0x00007ffb50f00000 - 0x00007ffb50f29000 	C:\Windows\system32\DWMAPI.DLL
0x00007ffb50e30000 - 0x00007ffb50ec8000 	C:\Windows\system32\uxtheme.dll
0x00007ffb49580000 - 0x00007ffb496a0000 	C:\Windows\system32\opengl32.dll
0x00007ffb491f0000 - 0x00007ffb4921c000 	C:\Windows\SYSTEM32\GLU32.dll
0x00007ffb54600000 - 0x00007ffb54773000 	C:\Windows\System32\MSCTF.dll
0x00007ffb54180000 - 0x00007ffb542d1000 	C:\Windows\System32\ole32.dll
0x0000000019110000 - 0x0000000019113000 	C:\Program Files\Java\jdk1.8.0_231\jre\bin\api-ms-win-core-console-l1-1-0.dll
0x0000000019120000 - 0x0000000019123000 	C:\Program Files\Java\jdk1.8.0_231\jre\bin\api-ms-win-core-datetime-l1-1-0.dll
0x0000000019130000 - 0x0000000019133000 	C:\Program Files\Java\jdk1.8.0_231\jre\bin\api-ms-win-core-debug-l1-1-0.dll
0x0000000019140000 - 0x0000000019143000 	C:\Program Files\Java\jdk1.8.0_231\jre\bin\api-ms-win-core-errorhandling-l1-1-0.dll
0x0000000019150000 - 0x0000000019154000 	C:\Program Files\Java\jdk1.8.0_231\jre\bin\api-ms-win-core-file-l1-1-0.dll
0x0000000019160000 - 0x0000000019163000 	C:\Program Files\Java\jdk1.8.0_231\jre\bin\api-ms-win-core-file-l1-2-0.dll
0x0000000019170000 - 0x0000000019173000 	C:\Program Files\Java\jdk1.8.0_231\jre\bin\api-ms-win-core-file-l2-1-0.dll
0x0000000019180000 - 0x0000000019183000 	C:\Program Files\Java\jdk1.8.0_231\jre\bin\api-ms-win-core-handle-l1-1-0.dll
0x0000000019190000 - 0x0000000019193000 	C:\Program Files\Java\jdk1.8.0_231\jre\bin\api-ms-win-core-heap-l1-1-0.dll
0x00000000191a0000 - 0x00000000191a3000 	C:\Program Files\Java\jdk1.8.0_231\jre\bin\api-ms-win-core-interlocked-l1-1-0.dll
0x00000000191b0000 - 0x00000000191b3000 	C:\Program Files\Java\jdk1.8.0_231\jre\bin\api-ms-win-core-libraryloader-l1-1-0.dll
0x00000000191c0000 - 0x00000000191c3000 	C:\Program Files\Java\jdk1.8.0_231\jre\bin\api-ms-win-core-localization-l1-2-0.dll
0x00000000191d0000 - 0x00000000191d3000 	C:\Program Files\Java\jdk1.8.0_231\jre\bin\api-ms-win-core-memory-l1-1-0.dll
0x00000000191e0000 - 0x00000000191e3000 	C:\Program Files\Java\jdk1.8.0_231\jre\bin\api-ms-win-core-namedpipe-l1-1-0.dll
0x00000000191f0000 - 0x00000000191f3000 	C:\Program Files\Java\jdk1.8.0_231\jre\bin\api-ms-win-core-processenvironment-l1-1-0.dll
0x0000000019200000 - 0x0000000019203000 	C:\Program Files\Java\jdk1.8.0_231\jre\bin\api-ms-win-core-processthreads-l1-1-0.dll
0x0000000019210000 - 0x0000000019213000 	C:\Program Files\Java\jdk1.8.0_231\jre\bin\api-ms-win-core-processthreads-l1-1-1.dll
0x0000000019220000 - 0x0000000019223000 	C:\Program Files\Java\jdk1.8.0_231\jre\bin\api-ms-win-core-profile-l1-1-0.dll
0x0000000019230000 - 0x0000000019233000 	C:\Program Files\Java\jdk1.8.0_231\jre\bin\api-ms-win-core-rtlsupport-l1-1-0.dll
0x0000000019240000 - 0x0000000019243000 	C:\Program Files\Java\jdk1.8.0_231\jre\bin\api-ms-win-core-string-l1-1-0.dll
0x0000000019250000 - 0x0000000019253000 	C:\Program Files\Java\jdk1.8.0_231\jre\bin\api-ms-win-core-synch-l1-1-0.dll
0x0000000019260000 - 0x0000000019263000 	C:\Program Files\Java\jdk1.8.0_231\jre\bin\api-ms-win-core-synch-l1-2-0.dll
0x0000000019270000 - 0x0000000019273000 	C:\Program Files\Java\jdk1.8.0_231\jre\bin\api-ms-win-core-sysinfo-l1-1-0.dll
0x0000000019280000 - 0x0000000019283000 	C:\Program Files\Java\jdk1.8.0_231\jre\bin\api-ms-win-core-timezone-l1-1-0.dll
0x0000000019290000 - 0x0000000019293000 	C:\Program Files\Java\jdk1.8.0_231\jre\bin\api-ms-win-core-util-l1-1-0.dll
0x00000000192a0000 - 0x00000000192a3000 	C:\Program Files\Java\jdk1.8.0_231\jre\bin\api-ms-win-crt-conio-l1-1-0.dll
0x00000000192b0000 - 0x00000000192b4000 	C:\Program Files\Java\jdk1.8.0_231\jre\bin\api-ms-win-crt-convert-l1-1-0.dll
0x00000000192c0000 - 0x00000000192c3000 	C:\Program Files\Java\jdk1.8.0_231\jre\bin\api-ms-win-crt-environment-l1-1-0.dll
0x00000000192d0000 - 0x00000000192d3000 	C:\Program Files\Java\jdk1.8.0_231\jre\bin\api-ms-win-crt-filesystem-l1-1-0.dll
0x00000000192e0000 - 0x00000000192e3000 	C:\Program Files\Java\jdk1.8.0_231\jre\bin\api-ms-win-crt-heap-l1-1-0.dll
0x00000000192f0000 - 0x00000000192f3000 	C:\Program Files\Java\jdk1.8.0_231\jre\bin\api-ms-win-crt-locale-l1-1-0.dll
0x0000000019300000 - 0x0000000019305000 	C:\Program Files\Java\jdk1.8.0_231\jre\bin\api-ms-win-crt-math-l1-1-0.dll
0x0000000019310000 - 0x0000000019315000 	C:\Program Files\Java\jdk1.8.0_231\jre\bin\api-ms-win-crt-multibyte-l1-1-0.dll
0x0000000019320000 - 0x0000000019330000 	C:\Program Files\Java\jdk1.8.0_231\jre\bin\api-ms-win-crt-private-l1-1-0.dll
0x0000000019330000 - 0x0000000019333000 	C:\Program Files\Java\jdk1.8.0_231\jre\bin\api-ms-win-crt-process-l1-1-0.dll
0x0000000019340000 - 0x0000000019344000 	C:\Program Files\Java\jdk1.8.0_231\jre\bin\api-ms-win-crt-runtime-l1-1-0.dll
0x0000000019350000 - 0x0000000019354000 	C:\Program Files\Java\jdk1.8.0_231\jre\bin\api-ms-win-crt-stdio-l1-1-0.dll
0x0000000019360000 - 0x0000000019364000 	C:\Program Files\Java\jdk1.8.0_231\jre\bin\api-ms-win-crt-string-l1-1-0.dll
0x0000000019370000 - 0x0000000019373000 	C:\Program Files\Java\jdk1.8.0_231\jre\bin\api-ms-win-crt-time-l1-1-0.dll
0x0000000019380000 - 0x0000000019383000 	C:\Program Files\Java\jdk1.8.0_231\jre\bin\api-ms-win-crt-utility-l1-1-0.dll
0x00007ffb33130000 - 0x00007ffb3322c000 	C:\Program Files\Java\jdk1.8.0_231\jre\bin\ucrtbase.dll
0x00007ffb4d4d0000 - 0x00007ffb4d4e5000 	C:\Program Files\Java\jdk1.8.0_231\jre\bin\vcruntime140.dll
0x00007ffb38ee0000 - 0x00007ffb38f7b000 	C:\Program Files\Java\jdk1.8.0_231\jre\bin\msvcp140.dll
0x00007ffb3a790000 - 0x00007ffb3a7e1000 	C:\Program Files\Java\jdk1.8.0_231\jre\bin\concrt140.dll
0x00007ffb49700000 - 0x00007ffb49723000 	C:\Program Files\Java\jdk1.8.0_231\jre\bin\prism_d3d.dll
0x00007ffb26950000 - 0x00007ffb26ae7000 	C:\Windows\system32\d3d9.dll
0x00007ffb4d370000 - 0x00007ffb4d48a000 	C:\Windows\System32\DriverStore\FileRepository\iigd_dch.inf_amd64_c6af1164d61e84b6\igdgmm64.dll
0x00007ffb3a0b0000 - 0x00007ffb3a0f5000 	C:\Program Files\Java\jdk1.8.0_231\jre\bin\glass.dll
0x00007ffb55df0000 - 0x00007ffb55edd000 	C:\Windows\System32\COMDLG32.dll
0x00007ffb3f580000 - 0x00007ffb3f5c9000 	C:\Program Files\Java\jdk1.8.0_231\jre\bin\fontmanager.dll
0x00007ffb49ad0000 - 0x00007ffb49b66000 	C:\Windows\System32\TextInputFramework.dll
0x00007ffb4e610000 - 0x00007ffb4e92e000 	C:\Windows\System32\CoreUIComponents.dll
0x00007ffb507e0000 - 0x00007ffb508ba000 	C:\Windows\System32\CoreMessaging.dll
0x00007ffb51880000 - 0x00007ffb518b1000 	C:\Windows\SYSTEM32\ntmarta.dll
0x00007ffb4e4c0000 - 0x00007ffb4e60d000 	C:\Windows\SYSTEM32\wintypes.dll
0x00007ffb0ec90000 - 0x00007ffb1244e000 	C:\Program Files\Java\jdk1.8.0_231\jre\bin\jfxwebkit.dll
0x00007ffb52170000 - 0x00007ffb52187000 	C:\Windows\SYSTEM32\CRYPTSP.dll
0x00007ffb51b90000 - 0x00007ffb51bc3000 	C:\Windows\system32\rsaenh.dll
0x00007ffb52290000 - 0x00007ffb522b5000 	C:\Windows\SYSTEM32\bcrypt.dll
0x00007ffb52160000 - 0x00007ffb5216b000 	C:\Windows\SYSTEM32\CRYPTBASE.dll
0x00007ffb44410000 - 0x00007ffb44424000 	C:\Program Files\Java\jdk1.8.0_231\jre\bin\javafx_font.dll
0x00007ffb356e0000 - 0x00007ffb359fc000 	C:\Windows\SYSTEM32\dwrite.dll
0x00007ffb55c20000 - 0x00007ffb55cc0000 	C:\Windows\System32\clbcatq.dll
0x00007ffb4ebb0000 - 0x00007ffb4ed5e000 	C:\Windows\SYSTEM32\WindowsCodecs.dll
0x00007ffb3f300000 - 0x00007ffb3f358000 	C:\Windows\system32\dataexchange.dll
0x00007ffb4fa10000 - 0x00007ffb4fd1b000 	C:\Windows\system32\d3d11.dll
0x00007ffb50300000 - 0x00007ffb5049c000 	C:\Windows\system32\dcomp.dll
0x00007ffb51550000 - 0x00007ffb5160b000 	C:\Windows\system32\dxgi.dll
0x00007ffb51010000 - 0x00007ffb511c8000 	C:\Windows\system32\twinapi.appcore.dll
0x00007ffb50fe0000 - 0x00007ffb51001000 	C:\Windows\system32\RMCLIENT.dll
0x00007ffb49770000 - 0x00007ffb4978a000 	C:\Program Files\Java\jdk1.8.0_231\jre\bin\net.dll
0x00007ffb51fb0000 - 0x00007ffb52016000 	C:\Windows\system32\mswsock.dll
0x00007ffb49750000 - 0x00007ffb49762000 	C:\Program Files\Java\jdk1.8.0_231\jre\bin\nio.dll
0x00007ffb4d000000 - 0x00007ffb4d024000 	C:\Program Files\Java\jdk1.8.0_231\jre\bin\sunec.dll
0x00007ffb51d30000 - 0x00007ffb51d68000 	C:\Windows\SYSTEM32\IPHLPAPI.DLL
0x00007ffb55cc0000 - 0x00007ffb55cc8000 	C:\Windows\System32\NSI.dll
0x00007ffb43370000 - 0x00007ffb43386000 	C:\Windows\SYSTEM32\dhcpcsvc6.DLL
0x00007ffb43350000 - 0x00007ffb4336a000 	C:\Windows\SYSTEM32\dhcpcsvc.DLL
0x00007ffb526c0000 - 0x00007ffb526e8000 	C:\Windows\SYSTEM32\USERENV.dll
0x00007ffb4f1a0000 - 0x00007ffb4f1ab000 	C:\Program Files\Java\jdk1.8.0_231\jre\bin\sunmscapi.dll
0x00007ffb52af0000 - 0x00007ffb52cd2000 	C:\Windows\System32\CRYPT32.dll

VM Arguments:
jvm_args: -Dfile.encoding=UTF-8 
java_command: web.Web
java_class_path (initial): D:\codejava\Swing\Web\build\classes
Launcher Type: SUN_STANDARD

Environment Variables:
JAVA_HOME=C:\Program Files\Java\jdk1.8.0_231
PATH=C:\Program Files\Java\jdk1.8.0_231\bin;C:\Program Files (x86)\Common Files\Oracle\Java\javapath;C:\Windows\system32;C:\Windows;C:\Windows\System32\Wbem;C:\Windows\System32\WindowsPowerShell\v1.0\;C:\Windows\System32\OpenSSH\;C:\Program Files\Microsoft SQL Server\120\DTS\Binn\;C:\Program Files\Microsoft SQL Server\Client SDK\ODBC\110\Tools\Binn\;C:\Program Files (x86)\Microsoft SQL Server\120\Tools\Binn\;C:\Program Files\Microsoft SQL Server\120\Tools\Binn\;C:\Program Files (x86)\Microsoft SQL Server\120\Tools\Binn\ManagementStudio\;C:\Program Files (x86)\Microsoft SQL Server\120\DTS\Binn\;C:\Users\Dang Khoi\AppData\Local\Microsoft\WindowsApps;
USERNAME=Dang Khoi
OS=Windows_NT
PROCESSOR_IDENTIFIER=Intel64 Family 6 Model 142 Stepping 12, GenuineIntel



---------------  S Y S T E M  ---------------

OS: Windows 10.0 , 64 bit Build 17134 (10.0.17134.1)

CPU:total 8 (initial active 8) (4 cores per cpu, 2 threads per core) family 6 model 142 stepping 12, cmov, cx8, fxsr, mmx, sse, sse2, sse3, ssse3, sse4.1, sse4.2, popcnt, avx, avx2, aes, clmul, erms, 3dnowpref, lzcnt, ht, tsc, tscinvbit, bmi1, bmi2, adx

Memory: 4k page, physical 4061984k(1004668k free), swap 5307168k(1431536k free)

vm_info: Java HotSpot(TM) 64-Bit Server VM (25.231-b11) for windows-amd64 JRE (1.8.0_231-b11), built on Oct  5 2019 03:11:30 by "java_re" with MS VC++ 10.0 (VS2010)

time: Mon Nov 18 18:12:33 2019
timezone: SE Asia Standard Time
elapsed time: 119 seconds (0d 0h 1m 59s)

